# JRE version: OpenJDK Runtime Environment (8.0_152-b02) (build 1.8.0_152-release-1024-b02)
# Java VM: OpenJDK 64-Bit Server VM (25.152-b02 mixed mode windows-amd64 compressed oops)
Heap:
 PSYoungGen      total 480256K, used 154729K [0x00000000e0000000, 0x0000000100000000, 0x0000000100000000)
  eden space 441856K, 35% used [0x00000000e0000000,0x00000000e971a7e0,0x00000000faf80000)
  from space 38400K, 0% used [0x00000000faf80000,0x00000000faf80000,0x00000000fd500000)
  to   space 44032K, 0% used [0x00000000fd500000,0x00000000fd500000,0x0000000100000000)
 ParOldGen       total 215040K, used 130652K [0x00000000a0000000, 0x00000000ad200000, 0x00000000e0000000)
  object space 215040K, 60% used [0x00000000a0000000,0x00000000a7f97090,0x00000000ad200000)
 Metaspace       used 141680K, capacity 148970K, committed 150784K, reserved 1179648K
  class space    used 17860K, capacity 19346K, committed 19712K, reserved 1048576K
GC Heap History (10 events):
Event: 7199.701 GC heap before
{Heap before GC invocations=30 (full 4):
 PSYoungGen      total 479744K, used 479290K [0x00000000e0000000, 0x0000000100000000, 0x0000000100000000)
  eden space 445440K, 100% used [0x00000000e0000000,0x00000000fb300000,0x00000000fb300000)
  from space 34304K, 98% used [0x00000000fb300000,0x00000000fd40e9a8,0x00000000fd480000)
  to   space 43520K, 0% used [0x00000000fd580000,0x00000000fd580000,0x0000000100000000)
 ParOldGen       total 150016K, used 94339K [0x00000000a0000000, 0x00000000a9280000, 0x00000000e0000000)
  object space 150016K, 62% used [0x00000000a0000000,0x00000000a5c20f28,0x00000000a9280000)
 Metaspace       used 130674K, capacity 137668K, committed 137984K, reserved 1169408K
  class space    used 16663K, capacity 18139K, committed 18176K, reserved 1048576K
Event: 7227.294 GC heap after
Heap after GC invocations=30 (full 4):
 PSYoungGen      total 482816K, used 19805K [0x00000000e0000000, 0x0000000100000000, 0x0000000100000000)
  eden space 439296K, 0% used [0x00000000e0000000,0x00000000e0000000,0x00000000fad00000)
  from space 43520K, 45% used [0x00000000fd580000,0x00000000fe8d77f0,0x0000000100000000)
  to   space 41472K, 0% used [0x00000000fad00000,0x00000000fad00000,0x00000000fd580000)
 ParOldGen       total 150016K, used 111095K [0x00000000a0000000, 0x00000000a9280000, 0x00000000e0000000)
  object space 150016K, 74% used [0x00000000a0000000,0x00000000a6c7de10,0x00000000a9280000)
 Metaspace       used 130674K, capacity 137668K, committed 137984K, reserved 1169408K
  class space    used 16663K, capacity 18139K, committed 18176K, reserved 1048576K
}
Event: 7439.578 GC heap before
{Heap before GC invocations=31 (full 4):
 PSYoungGen      total 482816K, used 458630K [0x00000000e0000000, 0x0000000100000000, 0x0000000100000000)
  eden space 439296K, 99% used [0x00000000e0000000,0x00000000fac8a188,0x00000000fad00000)
  from space 43520K, 45% used [0x00000000fd580000,0x00000000fe8d77f0,0x0000000100000000)
  to   space 41472K, 0% used [0x00000000fad00000,0x00000000fad00000,0x00000000fd580000)
 ParOldGen       total 150016K, used 111095K [0x00000000a0000000, 0x00000000a9280000, 0x00000000e0000000)
  object space 150016K, 74% used [0x00000000a0000000,0x00000000a6c7de10,0x00000000a9280000)
 Metaspace       used 132255K, capacity 139534K, committed 139776K, reserved 1171456K
  class space    used 16863K, capacity 18386K, committed 18432K, reserved 1048576K
Event: 7439.902 GC heap after
Heap after GC invocations=31 (full 4):
 PSYoungGen      total 449024K, used 9456K [0x00000000e0000000, 0x00000000ffd00000, 0x0000000100000000)
  eden space 439296K, 0% used [0x00000000e0000000,0x00000000e0000000,0x00000000fad00000)
  from space 9728K, 97% used [0x00000000fad00000,0x00000000fb63c330,0x00000000fb680000)
  to   space 40960K, 0% used [0x00000000fd500000,0x00000000fd500000,0x00000000ffd00000)
 ParOldGen       total 150016K, used 115373K [0x00000000a0000000, 0x00000000a9280000, 0x00000000e0000000)
  object space 150016K, 76% used [0x00000000a0000000,0x00000000a70ab510,0x00000000a9280000)
 Metaspace       used 132255K, capacity 139534K, committed 139776K, reserved 1171456K
  class space    used 16863K, capacity 18386K, committed 18432K, reserved 1048576K
}
Event: 7480.945 GC heap before
{Heap before GC invocations=32 (full 4):
 PSYoungGen      total 449024K, used 448752K [0x00000000e0000000, 0x00000000ffd00000, 0x0000000100000000)
  eden space 439296K, 100% used [0x00000000e0000000,0x00000000fad00000,0x00000000fad00000)
  from space 9728K, 97% used [0x00000000fad00000,0x00000000fb63c330,0x00000000fb680000)
  to   space 40960K, 0% used [0x00000000fd500000,0x00000000fd500000,0x00000000ffd00000)
 ParOldGen       total 150016K, used 115373K [0x00000000a0000000, 0x00000000a9280000, 0x00000000e0000000)
  object space 150016K, 76% used [0x00000000a0000000,0x00000000a70ab510,0x00000000a9280000)
 Metaspace       used 141365K, capacity 149416K, committed 149632K, reserved 1179648K
  class space    used 17931K, capacity 19533K, committed 19584K, reserved 1048576K
Event: 7481.161 GC heap after
Heap after GC invocations=32 (full 4):
 PSYoungGen      total 482816K, used 18105K [0x00000000e0000000, 0x0000000100000000, 0x0000000100000000)
  eden space 441856K, 0% used [0x00000000e0000000,0x00000000e0000000,0x00000000faf80000)
  from space 40960K, 44% used [0x00000000fd500000,0x00000000fe6ae6d0,0x00000000ffd00000)
  to   space 38400K, 0% used [0x00000000faf80000,0x00000000faf80000,0x00000000fd500000)
 ParOldGen       total 150016K, used 121036K [0x00000000a0000000, 0x00000000a9280000, 0x00000000e0000000)
  object space 150016K, 80% used [0x00000000a0000000,0x00000000a76331a8,0x00000000a9280000)
 Metaspace       used 141365K, capacity 149416K, committed 149632K, reserved 1179648K
  class space    used 17931K, capacity 19533K, committed 19584K, reserved 1048576K
}
Event: 7489.858 GC heap before
{Heap before GC invocations=33 (full 4):
 PSYoungGen      total 482816K, used 459961K [0x00000000e0000000, 0x0000000100000000, 0x0000000100000000)
  eden space 441856K, 100% used [0x00000000e0000000,0x00000000faf80000,0x00000000faf80000)
  from space 40960K, 44% used [0x00000000fd500000,0x00000000fe6ae6d0,0x00000000ffd00000)
  to   space 38400K, 0% used [0x00000000faf80000,0x00000000faf80000,0x00000000fd500000)
 ParOldGen       total 150016K, used 121036K [0x00000000a0000000, 0x00000000a9280000, 0x00000000e0000000)
  object space 150016K, 80% used [0x00000000a0000000,0x00000000a76331a8,0x00000000a9280000)
 Metaspace       used 142451K, capacity 150540K, committed 150784K, reserved 1179648K
  class space    used 18032K, capacity 19647K, committed 19712K, reserved 1048576K
Event: 7491.240 GC heap after
Heap after GC invocations=33 (full 4):
 PSYoungGen      total 480256K, used 38372K [0x00000000e0000000, 0x0000000100000000, 0x0000000100000000)
  eden space 441856K, 0% used [0x00000000e0000000,0x00000000e0000000,0x00000000faf80000)
  from space 38400K, 99% used [0x00000000faf80000,0x00000000fd4f93e8,0x00000000fd500000)
  to   space 44032K, 0% used [0x00000000fd500000,0x00000000fd500000,0x0000000100000000)
 ParOldGen       total 150016K, used 137899K [0x00000000a0000000, 0x00000000a9280000, 0x00000000e0000000)
  object space 150016K, 91% used [0x00000000a0000000,0x00000000a86aac00,0x00000000a9280000)
 Metaspace       used 142451K, capacity 150540K, committed 150784K, reserved 1179648K
  class space    used 18032K, capacity 19647K, committed 19712K, reserved 1048576K
}
Event: 7491.252 GC heap before
{Heap before GC invocations=34 (full 5):
 PSYoungGen      total 480256K, used 38372K [0x00000000e0000000, 0x0000000100000000, 0x0000000100000000)
  eden space 441856K, 0% used [0x00000000e0000000,0x00000000e0000000,0x00000000faf80000)
  from space 38400K, 99% used [0x00000000faf80000,0x00000000fd4f93e8,0x00000000fd500000)
  to   space 44032K, 0% used [0x00000000fd500000,0x00000000fd500000,0x0000000100000000)
 ParOldGen       total 150016K, used 137899K [0x00000000a0000000, 0x00000000a9280000, 0x00000000e0000000)
  object space 150016K, 91% used [0x00000000a0000000,0x00000000a86aac00,0x00000000a9280000)
 Metaspace       used 142451K, capacity 150540K, committed 150784K, reserved 1179648K
  class space    used 18032K, capacity 19647K, committed 19712K, reserved 1048576K
Event: 7525.971 GC heap after
Heap after GC invocations=34 (full 5):
 PSYoungGen      total 480256K, used 0K [0x00000000e0000000, 0x0000000100000000, 0x0000000100000000)
  eden space 441856K, 0% used [0x00000000e0000000,0x00000000e0000000,0x00000000faf80000)
  from space 38400K, 0% used [0x00000000faf80000,0x00000000faf80000,0x00000000fd500000)
  to   space 44032K, 0% used [0x00000000fd500000,0x00000000fd500000,0x0000000100000000)
 ParOldGen       total 215040K, used 130652K [0x00000000a0000000, 0x00000000ad200000, 0x00000000e0000000)
  object space 215040K, 60% used [0x00000000a0000000,0x00000000a7f97090,0x00000000ad200000)
 Metaspace       used 141612K, capacity 148892K, committed 150784K, reserved 1179648K
  class space    used 17856K, capacity 19341K, committed 19712K, reserved 1048576K
}

